Build started 03/12/2009 1:14:43 AM.
     1>Project "C:\Users\William\Documents\Cracklock\Kernel\Kernel.vcxproj" on node 242 (build target(s)).
     1>_PrepareForBuild:
         Creating "C:\Users\William\Documents\Cracklock\obj_x64_Debug\Kernel\Kernel.unsuccessfulbuild" because "AlwaysCreate" was specified.
       ClCompile:
         All outputs are up-to-date.
       ResourceCompile:
         All outputs are up-to-date.
       ManifestResourceCompile:
         All outputs are up-to-date.
       Link:
         c:\Program Files (x86)\Microsoft Visual Studio 10.0\VC\bin\x86_amd64\link.exe /ERRORREPORT:PROMPT /OUT:"C:\Users\William\Documents\Cracklock\bin_x64_Debug\Bin\CLKERN.dll" /INCREMENTAL /NOLOGO kernel32.lib user32.lib Advapi32.lib kernel32.lib user32.lib gdi32.lib winspool.lib comdlg32.lib advapi32.lib shell32.lib ole32.lib oleaut32.lib uuid.lib odbc32.lib odbccp32.lib /DEF:".\CLKERN.DEF" /MANIFEST /ManifestFile:"C:\Users\William\Documents\Cracklock\obj_x64_Debug\Kernel\CLKERN.dll.intermediate.manifest" /MANIFESTUAC:"level='asInvoker' uiAccess='false'" /DEBUG /PDB:"C:\Users\William\Documents\Cracklock\bin_x64_Debug\Bin\CLKERN.pdb" /TLBID:1 /DYNAMICBASE:NO /IMPLIB:"C:\Users\William\Documents\Cracklock\obj_x64_Debug\Kernel\CLKERN.lib" /MACHINE:X64 /DLL C:\Users\William\Documents\Cracklock\obj_x64_Debug\Kernel\Kernel.res
         C:\Users\William\Documents\Cracklock\obj_x64_Debug\Kernel\Debug.obj
         C:\Users\William\Documents\Cracklock\obj_x64_Debug\Kernel\Hook.obj
         C:\Users\William\Documents\Cracklock\obj_x64_Debug\Kernel\Kernel.obj
         C:\Users\William\Documents\Cracklock\obj_x64_Debug\Common\Common.lib
         C:\Users\William\Documents\Cracklock\obj_x64_Debug\Kernel\CLKERN.dll.embed.manifest.res
            Creating library C:\Users\William\Documents\Cracklock\obj_x64_Debug\Kernel\CLKERN.lib and object C:\Users\William\Documents\Cracklock\obj_x64_Debug\Kernel\CLKERN.exp
         Kernel.vcxproj -> C:\Users\William\Documents\Cracklock\bin_x64_Debug\Bin\CLKERN.dll
       Manifest:
         c:\Program Files (x86)\Microsoft SDKs\Windows\v7.0A\bin\mt.exe /nologo /verbose /out:"C:\Users\William\Documents\Cracklock\obj_x64_Debug\Kernel\CLKERN.dll.embed.manifest" /manifest C:\Users\William\Documents\Cracklock\obj_x64_Debug\Kernel\CLKERN.dll.intermediate.manifest
         c:\Program Files (x86)\Microsoft SDKs\Windows\v7.0A\bin\rc.exe /nologo /fo"C:\Users\William\Documents\Cracklock\obj_x64_Debug\Kernel\CLKERN.dll.embed.manifest.res" C:\Users\William\Documents\Cracklock\obj_x64_Debug\Kernel\CLKERN_manifest.rc 
       LinkEmbedManifest:
         c:\Program Files (x86)\Microsoft Visual Studio 10.0\VC\bin\x86_amd64\link.exe /ERRORREPORT:PROMPT /OUT:"C:\Users\William\Documents\Cracklock\bin_x64_Debug\Bin\CLKERN.dll" /INCREMENTAL /NOLOGO kernel32.lib user32.lib Advapi32.lib kernel32.lib user32.lib gdi32.lib winspool.lib comdlg32.lib advapi32.lib shell32.lib ole32.lib oleaut32.lib uuid.lib odbc32.lib odbccp32.lib /DEF:".\CLKERN.DEF" /MANIFEST /ManifestFile:"C:\Users\William\Documents\Cracklock\obj_x64_Debug\Kernel\CLKERN.dll.intermediate.manifest" /MANIFESTUAC:"level='asInvoker' uiAccess='false'" /DEBUG /PDB:"C:\Users\William\Documents\Cracklock\bin_x64_Debug\Bin\CLKERN.pdb" /TLBID:1 /DYNAMICBASE:NO /IMPLIB:"C:\Users\William\Documents\Cracklock\obj_x64_Debug\Kernel\CLKERN.lib" /MACHINE:X64 /DLL C:\Users\William\Documents\Cracklock\obj_x64_Debug\Kernel\Kernel.res
         C:\Users\William\Documents\Cracklock\obj_x64_Debug\Kernel\Debug.obj
         C:\Users\William\Documents\Cracklock\obj_x64_Debug\Kernel\Hook.obj
         C:\Users\William\Documents\Cracklock\obj_x64_Debug\Kernel\Kernel.obj
         C:\Users\William\Documents\Cracklock\obj_x64_Debug\Common\Common.lib
         C:\Users\William\Documents\Cracklock\obj_x64_Debug\Kernel\CLKERN.dll.embed.manifest.res
         Kernel.vcxproj -> C:\Users\William\Documents\Cracklock\bin_x64_Debug\Bin\CLKERN.dll
       BscMake:
         All outputs are up-to-date.
       _AfterBuild:
         Deleting file "C:\Users\William\Documents\Cracklock\obj_x64_Debug\Kernel\Kernel.unsuccessfulbuild".
         Touching "C:\Users\William\Documents\Cracklock\obj_x64_Debug\Kernel\Kernel.lastbuildstate".
     1>Done Building Project "C:\Users\William\Documents\Cracklock\Kernel\Kernel.vcxproj" (build target(s)).

Build succeeded.

Time Elapsed 00:00:02.94
