Build started 03/12/2009 1:14:43 AM.
     1>Project "C:\Users\William\Documents\Cracklock\Loader\Loader.vcxproj" on node 243 (build target(s)).
     1>_PrepareForBuild:
         Creating "C:\Users\William\Documents\Cracklock\obj_x64_Debug\Loader\Loader.unsuccessfulbuild" because "AlwaysCreate" was specified.
       ClCompile:
         All outputs are up-to-date.
       ResourceCompile:
         All outputs are up-to-date.
       ManifestResourceCompile:
         All outputs are up-to-date.
       Link:
         c:\Program Files (x86)\Microsoft Visual Studio 10.0\VC\bin\x86_amd64\link.exe /ERRORREPORT:PROMPT /OUT:"C:\Users\William\Documents\Cracklock\bin_x64_Debug\bin\Loader.exe" /INCREMENTAL /NOLOGO odbc32.lib odbccp32.lib comctl32.lib shlwapi.lib kernel32.lib user32.lib gdi32.lib winspool.lib comdlg32.lib advapi32.lib shell32.lib ole32.lib oleaut32.lib uuid.lib odbc32.lib odbccp32.lib /MANIFEST /ManifestFile:"C:\Users\William\Documents\Cracklock\obj_x64_Debug\Loader\Loader.exe.intermediate.manifest" /MANIFESTUAC:"level='asInvoker' uiAccess='false'" /DEBUG /PDB:"C:\Users\William\Documents\Cracklock\bin_x64_Debug\bin\Loader.pdb" /SUBSYSTEM:WINDOWS /TLBID:1 /DYNAMICBASE:NO /IMPLIB:"C:\Users\William\Documents\Cracklock\bin_x64_Debug\bin\Loader.lib" /MACHINE:X64 C:\Users\William\Documents\Cracklock\obj_x64_Debug\Loader\Loader.res
         C:\Users\William\Documents\Cracklock\obj_x64_Debug\Loader\Loader.obj
         C:\Users\William\Documents\Cracklock\obj_x64_Debug\Common\Common.lib
         C:\Users\William\Documents\Cracklock\obj_x64_Debug\Loader\Loader.exe.embed.manifest.res
         Loader.vcxproj -> C:\Users\William\Documents\Cracklock\bin_x64_Debug\bin\Loader.exe
       Manifest:
         c:\Program Files (x86)\Microsoft SDKs\Windows\v7.0A\bin\mt.exe /nologo /verbose /out:"C:\Users\William\Documents\Cracklock\obj_x64_Debug\Loader\Loader.exe.embed.manifest" /manifest C:\Users\William\Documents\Cracklock\obj_x64_Debug\Loader\Loader.exe.intermediate.manifest
         c:\Program Files (x86)\Microsoft SDKs\Windows\v7.0A\bin\rc.exe /nologo /fo"C:\Users\William\Documents\Cracklock\obj_x64_Debug\Loader\Loader.exe.embed.manifest.res" C:\Users\William\Documents\Cracklock\obj_x64_Debug\Loader\Loader_manifest.rc 
       LinkEmbedManifest:
         c:\Program Files (x86)\Microsoft Visual Studio 10.0\VC\bin\x86_amd64\link.exe /ERRORREPORT:PROMPT /OUT:"C:\Users\William\Documents\Cracklock\bin_x64_Debug\bin\Loader.exe" /INCREMENTAL /NOLOGO odbc32.lib odbccp32.lib comctl32.lib shlwapi.lib kernel32.lib user32.lib gdi32.lib winspool.lib comdlg32.lib advapi32.lib shell32.lib ole32.lib oleaut32.lib uuid.lib odbc32.lib odbccp32.lib /MANIFEST /ManifestFile:"C:\Users\William\Documents\Cracklock\obj_x64_Debug\Loader\Loader.exe.intermediate.manifest" /MANIFESTUAC:"level='asInvoker' uiAccess='false'" /DEBUG /PDB:"C:\Users\William\Documents\Cracklock\bin_x64_Debug\bin\Loader.pdb" /SUBSYSTEM:WINDOWS /TLBID:1 /DYNAMICBASE:NO /IMPLIB:"C:\Users\William\Documents\Cracklock\bin_x64_Debug\bin\Loader.lib" /MACHINE:X64 C:\Users\William\Documents\Cracklock\obj_x64_Debug\Loader\Loader.res
         C:\Users\William\Documents\Cracklock\obj_x64_Debug\Loader\Loader.obj
         C:\Users\William\Documents\Cracklock\obj_x64_Debug\Common\Common.lib
         C:\Users\William\Documents\Cracklock\obj_x64_Debug\Loader\Loader.exe.embed.manifest.res
         Loader.vcxproj -> C:\Users\William\Documents\Cracklock\bin_x64_Debug\bin\Loader.exe
       BscMake:
         All outputs are up-to-date.
       _AfterBuild:
         Deleting file "C:\Users\William\Documents\Cracklock\obj_x64_Debug\Loader\Loader.unsuccessfulbuild".
         Touching "C:\Users\William\Documents\Cracklock\obj_x64_Debug\Loader\Loader.lastbuildstate".
     1>Done Building Project "C:\Users\William\Documents\Cracklock\Loader\Loader.vcxproj" (build target(s)).

Build succeeded.

Time Elapsed 00:00:02.81
