Build started 03/12/2009 1:30:20 AM.
     1>Project "C:\Users\William\Documents\Cracklock\VCClock\VCClock.vcxproj" on node 290 (build target(s)).
     1>_PrepareForBuild:
         Creating "C:\Users\William\Documents\Cracklock\obj_Win32_Debug\VCClock\VCClock.unsuccessfulbuild" because "AlwaysCreate" was specified.
       ClCompile:
         c:\Program Files (x86)\Microsoft Visual Studio 10.0\VC\bin\CL.exe /c /ZI /nologo /W3 /WX- /Od /Oy- /D WIN32 /D _DEBUG /D _WINDOWS /D UNICODE /D _UNICODE /D __UNICODE /D _VC80_UPGRADE=0x0600 /D _MBCS /Gm /EHsc /RTC1 /MTd /GS /fp:precise /Zc:wchar_t /Zc:forScope /Fo"C:\Users\William\Documents\Cracklock\obj_Win32_Debug\VCClock\\" /Fd"C:\Users\William\Documents\Cracklock\obj_Win32_Debug\VCClock\vc100.pdb" /FR"C:\Users\William\Documents\Cracklock\obj_Win32_Debug\VCClock\\" /Gd /TC /analyze- /errorReport:prompt Digclock.c
         Digclock.c
       ResourceCompile:
         c:\Program Files (x86)\Microsoft SDKs\Windows\v7.0A\bin\rc.exe /D _DEBUG /D _VC80_UPGRADE=0x0600 /l"0x0000" /nologo /fo"C:\Users\William\Documents\Cracklock\obj_Win32_Debug\VCClock\VCClock.res" VCClock.rc 
       ManifestResourceCompile:
         c:\Program Files (x86)\Microsoft SDKs\Windows\v7.0A\bin\rc.exe /nologo /fo"C:\Users\William\Documents\Cracklock\obj_Win32_Debug\VCClock\VCClock.exe.embed.manifest.res" C:\Users\William\Documents\Cracklock\obj_Win32_Debug\VCClock\VCClock_manifest.rc 
       Link:
         c:\Program Files (x86)\Microsoft Visual Studio 10.0\VC\bin\link.exe /ERRORREPORT:PROMPT /OUT:"C:\Users\William\Documents\Cracklock\bin_Win32_Debug\Example\VCClock.exe" /INCREMENTAL /NOLOGO kernel32.lib user32.lib gdi32.lib winspool.lib comdlg32.lib advapi32.lib shell32.lib ole32.lib oleaut32.lib uuid.lib odbc32.lib odbccp32.lib /MANIFEST /ManifestFile:"C:\Users\William\Documents\Cracklock\obj_Win32_Debug\VCClock\VCClock.exe.intermediate.manifest" /MANIFESTUAC:"level='asInvoker' uiAccess='false'" /DEBUG /PDB:"C:\Users\William\Documents\Cracklock\bin_Win32_Debug\Example\VCClock.pdb" /SUBSYSTEM:WINDOWS /TLBID:1 /DYNAMICBASE:NO /IMPLIB:"C:\Users\William\Documents\Cracklock\bin_Win32_Debug\Example\VCClock.lib" /MACHINE:X86 C:\Users\William\Documents\Cracklock\obj_Win32_Debug\VCClock\VCClock.res
         C:\Users\William\Documents\Cracklock\obj_Win32_Debug\VCClock\Digclock.obj
         C:\Users\William\Documents\Cracklock\obj_Win32_Debug\VCClock\VCClock.exe.embed.manifest.res
       Manifest:
         c:\Program Files (x86)\Microsoft SDKs\Windows\v7.0A\bin\mt.exe /nologo /verbose /out:"C:\Users\William\Documents\Cracklock\obj_Win32_Debug\VCClock\VCClock.exe.embed.manifest" /manifest C:\Users\William\Documents\Cracklock\obj_Win32_Debug\VCClock\VCClock.exe.intermediate.manifest
         c:\Program Files (x86)\Microsoft SDKs\Windows\v7.0A\bin\rc.exe /nologo /fo"C:\Users\William\Documents\Cracklock\obj_Win32_Debug\VCClock\VCClock.exe.embed.manifest.res" C:\Users\William\Documents\Cracklock\obj_Win32_Debug\VCClock\VCClock_manifest.rc 
       LinkEmbedManifest:
         c:\Program Files (x86)\Microsoft Visual Studio 10.0\VC\bin\link.exe /ERRORREPORT:PROMPT /OUT:"C:\Users\William\Documents\Cracklock\bin_Win32_Debug\Example\VCClock.exe" /INCREMENTAL /NOLOGO kernel32.lib user32.lib gdi32.lib winspool.lib comdlg32.lib advapi32.lib shell32.lib ole32.lib oleaut32.lib uuid.lib odbc32.lib odbccp32.lib /MANIFEST /ManifestFile:"C:\Users\William\Documents\Cracklock\obj_Win32_Debug\VCClock\VCClock.exe.intermediate.manifest" /MANIFESTUAC:"level='asInvoker' uiAccess='false'" /DEBUG /PDB:"C:\Users\William\Documents\Cracklock\bin_Win32_Debug\Example\VCClock.pdb" /SUBSYSTEM:WINDOWS /TLBID:1 /DYNAMICBASE:NO /IMPLIB:"C:\Users\William\Documents\Cracklock\bin_Win32_Debug\Example\VCClock.lib" /MACHINE:X86 C:\Users\William\Documents\Cracklock\obj_Win32_Debug\VCClock\VCClock.res
         C:\Users\William\Documents\Cracklock\obj_Win32_Debug\VCClock\Digclock.obj
         C:\Users\William\Documents\Cracklock\obj_Win32_Debug\VCClock\VCClock.exe.embed.manifest.res
         VCClock.vcxproj -> C:\Users\William\Documents\Cracklock\bin_Win32_Debug\Example\VCClock.exe
       BscMake:
         c:\Program Files (x86)\Microsoft Visual Studio 10.0\VC\bin\bscmake.exe /nologo /o"C:\Users\William\Documents\Cracklock\obj_Win32_Debug\VCClock\VCClock.bsc" C:\Users\William\Documents\Cracklock\obj_Win32_Debug\VCClock\Digclock.sbr
       _AfterBuild:
         Deleting file "C:\Users\William\Documents\Cracklock\obj_Win32_Debug\VCClock\VCClock.unsuccessfulbuild".
         Touching "C:\Users\William\Documents\Cracklock\obj_Win32_Debug\VCClock\VCClock.lastbuildstate".
     1>Done Building Project "C:\Users\William\Documents\Cracklock\VCClock\VCClock.vcxproj" (build target(s)).

Build succeeded.

Time Elapsed 00:00:13.37
